[debug] > Exec(early(addDefaultCommands), None, None)
[debug] > Exec(addDefaultCommands, None, None)
[debug] > Exec(early(initialize), None, None)
[debug] > Exec(initialize, None, None)
[debug] > Exec(early(addPluginSbtFile="""C:\Users\HGDJa\AppData\Local\Temp\idea.sbt"""), None, None)
[debug] > Exec(addPluginSbtFile="""C:\Users\HGDJa\AppData\Local\Temp\idea.sbt""", None, None)
[debug] > Exec(boot, None, None)
[debug] > Exec(writeSbtVersion, None, None)
[debug] > Exec(reload, None, None)
[debug] > Exec(sbtStashOnFailure, None, None)
[debug] > Exec(onFailure loadFailed, None, None)
[debug] > Exec(loadp, None, None)
[info] welcome to sbt 1.9.9 (Oracle Corporation Java 21.0.2)
[debug] Load.defaultLoad until apply took 233.648ms
[debug]           Load.loadUnit: plugins took 53.5239ms
[debug]           Load.loadUnit: defsScala took 0.1665ms
[debug] [Loading] Scanning directory C:\Users\HGDJa\Desktop\DMM2\DMM2 Project\untitled\project
[debug]             Load.loadUnit: mkEval took 4.202ms
[debug] [Loading] Found non-root projects 
[debug] [Loading] Done in C:\Users\HGDJa\Desktop\DMM2\DMM2 Project\untitled\project, returning: ()
[debug] deducing auto plugins based on known facts Set(Atom(sbt.plugins.CorePlugin)) and clauses Clauses(Clause(Atom(sbt.plugins.JvmPlugin),Set(Atom(sbt.plugins.IvyPlugin)))
[debug] Clause(Atom(sbt.ScriptedPlugin),Set(Atom(sbt.plugins.JvmPlugin)))
[debug] Clause(Atom(sbt.plugins.SbtPlugin),Set(Atom(sbt.ScriptedPlugin)))
[debug] Clause(Atom(sbt.plugins.SemanticdbPlugin),Set(Atom(sbt.plugins.JvmPlugin)))
[debug] Clause(Atom(sbt.plugins.JUnitXmlReportPlugin),Set(Atom(sbt.plugins.JvmPlugin)))
[debug] Clause(Atom(sbt.plugins.MiniDependencyTreePlugin),Set(Atom(sbt.plugins.JvmPlugin)))
[debug] Clause(Atom(sbt.plugins.CorePlugin),Set(Atom(sbt.plugins.IvyPlugin)))
[debug] Clause(Atom(sbt.plugins.IvyPlugin),Set(Atom(sbt.plugins.JvmPlugin)))
[debug] Clause(Atom(sbt.plugins.JvmPlugin),Set(Atom(sbt.plugins.SemanticdbPlugin)))
[debug] Clause(Atom(sbt.plugins.JvmPlugin),Set(Atom(sbt.plugins.JUnitXmlReportPlugin)))
[debug] Clause(Atom(sbt.plugins.CorePlugin),Set(Atom(sbt.plugins.Giter8TemplatePlugin)))
[debug] Clause(Atom(sbt.plugins.JvmPlugin),Set(Atom(sbt.plugins.MiniDependencyTreePlugin))))
[debug]   :: deduced result: Matched(sbt.plugins.CorePlugin,sbt.plugins.Giter8TemplatePlugin,sbt.plugins.IvyPlugin,sbt.plugins.JvmPlugin,sbt.plugins.MiniDependencyTreePlugin,sbt.plugins.JUnitXmlReportPlugin,sbt.plugins.SemanticdbPlugin)
[debug] Plugins.deducer#function took 10.0494 ms
[info] loading settings for project untitled-build from idea.sbt ...
[debug]               Load.resolveProject(untitled-build) took 28.9636ms
[debug]             Load.loadTransitive: finalizeProject(Project(id untitled-build, base: C:\Users\HGDJa\Desktop\DMM2\DMM2 Project\untitled\project, plugins: List(<none>))) took 45.0692ms
[debug] [Loading] Done in C:\Users\HGDJa\Desktop\DMM2\DMM2 Project\untitled\project, returning: (untitled-build)
[debug]           Load.loadUnit: loadedProjectsRaw took 2483.227ms
[debug]           Load.loadUnit: cleanEvalClasses took 4.6298ms
[debug]         Load.loadUnit(file:/C:/Users/HGDJa/Desktop/DMM2/DMM2%20Project/untitled/project/, ...) took 2545.3145ms
[debug]       Load.apply: load took 2662.7436ms
[debug]       Load.apply: resolveProjects took 3.1975ms
[debug]       Load.apply: finalTransforms took 56.983ms
[debug]       Load.apply: config.delegates took 12.1002ms
[debug]       Load.apply: Def.make(settings)... took 568.0448ms
[debug]       Load.apply: structureIndex took 163.8521ms
[debug]       Load.apply: mkStreams took 4.9275ms
[info] loading project definition from C:\Users\HGDJa\Desktop\DMM2\DMM2 Project\untitled\project
[debug] Running task... Cancel: Signal, check cycles: false, forcegc: true
[debug]     Load.loadUnit: plugins took 5007.3257ms
[debug]     Load.loadUnit: defsScala took 0.002ms
[debug] [Loading] Scanning directory C:\Users\HGDJa\Desktop\DMM2\DMM2 Project\untitled
[debug]       Load.loadUnit: mkEval took 0.1438ms
[debug] [Loading] Found root project root w/ remaining 
[debug] deducing auto plugins based on known facts Set(Atom(sbt.plugins.CorePlugin)) and clauses Clauses(Clause(Atom(sbt.plugins.JvmPlugin),Set(Atom(sbt.plugins.IvyPlugin)))
[debug] Clause(Atom(sbt.ScriptedPlugin),Set(Atom(sbt.plugins.JvmPlugin)))
[debug] Clause(Atom(sbt.plugins.SbtPlugin),Set(Atom(sbt.ScriptedPlugin)))
[debug] Clause(Atom(sbt.plugins.SemanticdbPlugin),Set(Atom(sbt.plugins.JvmPlugin)))
[debug] Clause(Atom(sbt.plugins.JUnitXmlReportPlugin),Set(Atom(sbt.plugins.JvmPlugin)))
[debug] Clause(Atom(sbt.plugins.MiniDependencyTreePlugin),Set(Atom(sbt.plugins.JvmPlugin)))
[debug] Clause(Atom(org.jetbrains.sbt.StructurePlugin),Set(Atom(sbt.plugins.JvmPlugin)))
[debug] Clause(Atom(org.jetbrains.sbt.IdeaShellPlugin),Set(Atom(sbt.plugins.JvmPlugin)))
[debug] Clause(Atom(org.jetbrains.sbt.indices.SbtIntellijIndicesPlugin),Set(Atom(sbt.plugins.JvmPlugin)))
[debug] Clause(Atom(sbt.plugins.CorePlugin),Set(Atom(sbt.plugins.IvyPlugin)))
[debug] Clause(Atom(sbt.plugins.IvyPlugin),Set(Atom(sbt.plugins.JvmPlugin)))
[debug] Clause(Atom(sbt.plugins.JvmPlugin),Set(Atom(sbt.plugins.SemanticdbPlugin)))
[debug] Clause(Atom(sbt.plugins.JvmPlugin),Set(Atom(sbt.plugins.JUnitXmlReportPlugin)))
[debug] Clause(Atom(sbt.plugins.CorePlugin),Set(Atom(sbt.plugins.Giter8TemplatePlugin)))
[debug] Clause(Atom(sbt.plugins.JvmPlugin),Set(Atom(sbt.plugins.MiniDependencyTreePlugin)))
[debug] Clause(Atom(sbt.plugins.JvmPlugin),Set(Atom(org.jetbrains.sbt.StructurePlugin)))
[debug] Clause(Atom(sbt.plugins.JvmPlugin),Set(Atom(org.jetbrains.sbt.IdeaShellPlugin)))
[debug] Clause(And(Set(Atom(sbt.plugins.CorePlugin), Atom(sbt.plugins.JvmPlugin))),Set(Atom(org.jetbrains.sbt.indices.SbtIntellijIndicesPlugin))))
[debug]   :: deduced result: Matched(sbt.plugins.CorePlugin,sbt.plugins.Giter8TemplatePlugin,sbt.plugins.IvyPlugin,sbt.plugins.JvmPlugin,sbt.plugins.SemanticdbPlugin,org.jetbrains.sbt.indices.SbtIntellijIndicesPlugin,sbt.plugins.JUnitXmlReportPlugin,org.jetbrains.sbt.IdeaShellPlugin,org.jetbrains.sbt.StructurePlugin,sbt.plugins.MiniDependencyTreePlugin)
[debug] Plugins.deducer#function took 6.0712 ms
[info] loading settings for project root from build.sbt ...
[debug]         Load.resolveProject(root) took 111.1016ms
[debug]       Load.loadTransitive: finalizeProject(Project(id root, base: C:\Users\HGDJa\Desktop\DMM2\DMM2 Project\untitled, plugins: List(<none>))) took 122.5637ms
[debug] [Loading] Done in C:\Users\HGDJa\Desktop\DMM2\DMM2 Project\untitled, returning: (root)
[debug]     Load.loadUnit: loadedProjectsRaw took 1160.9676ms
[debug]     Load.loadUnit: cleanEvalClasses took 102.1475ms
[debug]   Load.loadUnit(file:/C:/Users/HGDJa/Desktop/DMM2/DMM2%20Project/untitled/, ...) took 6274.001ms
[debug] Load.apply: load took 6311.2832ms
[debug] Load.apply: resolveProjects took 0.1843ms
[debug] Load.apply: finalTransforms took 16.5521ms
[debug] Load.apply: config.delegates took 0.3353ms
[debug] Load.apply: Def.make(settings)... took 220.3364ms
[debug] Load.apply: structureIndex took 22.2467ms
[debug] Load.apply: mkStreams took 0.0019ms
[info] set current project to untitled (in build file:/C:/Users/HGDJa/Desktop/DMM2/DMM2%20Project/untitled/)
[debug] > Exec(sbtPopOnFailure, None, None)
[debug] > Exec(resumeFromFailure, None, None)
[debug] > Exec(notifyUsersAboutShell, None, None)
[debug] > Exec(iflast shell, None, None)
[debug] > Exec(; set ideaPort in Global := 51982 ; idea-shell, None, None)
[debug] > Exec(set ideaPort in Global := 51982, None, None)
[info] Defining Global / ideaPort
[info] The new value will be used by Compile / compile, Test / compile
[debug] Defining 
[debug] 	Global / ideaPort
[debug] 
[debug] The new value will be used by 
[debug] 	Compile / compile
[debug] 	Test / compile
[info] Reapplying settings...
[info] set current project to untitled (in build file:/C:/Users/HGDJa/Desktop/DMM2/DMM2%20Project/untitled/)
[debug] > Exec(idea-shell, None, None)
